<?xml version="1.0" encoding="UTF-8"?>
<!-- Generated by org.testng.reporters.JUnitXMLReporter -->
<testsuite ignored="0" hostname="Nikhil" failures="0" tests="4" name="Surefire test" time="0.11" errors="0" timestamp="2025-07-11T10:56:53 IST">
  <testcase classname="pac1.ContactTest" name="createContactTest" time="0.008"/>
  <testcase classname="pac1.ContactTest" name="modifyContactTest" time="0.006"/>
  <testcase classname="pac2.OrgTest" name="createOrgTest" time="0.001"/>
  <testcase classname="pac2.OrgTest" name="modifyOrgTest" time="0.002"/>
</testsuite> <!-- Surefire test -->
